<?xml version="1.0" encoding="UTF-8"?>
<!-- Generated by org.testng.reporters.JUnitXMLReporter -->
<testsuite ignored="2" hostname="MUM-LAP-1462" failures="0" tests="0" time="0.001" errors="0" timestamp="2023-03-06T15:52:26 IST">
  <testcase classname="PakagesTestng.Secondtest" name="methodtwo" time="0.0">
    <ignored/>
  </testcase> <!-- methodtwo -->
  <testcase classname="PakagesTestng.Secondtest" name="methodsecond" time="0.0">
    <ignored/>
  </testcase> <!-- methodsecond -->
</testsuite>
