<?xml version="1.0" encoding="UTF-8"?>
<!-- Generated by org.testng.reporters.JUnitXMLReporter -->
<testsuite ignored="0" hostname="MUM-LAP-1462" failures="0" tests="6" name="groupsintogroups" time="0.03" errors="0" timestamp="2023-03-06T15:52:26 IST">
  <testcase classname="Groups.GroupTest" name="grp1" time="0.002"/>
  <testcase classname="Groups.GroupTest" name="grp2" time="0.002"/>
  <testcase classname="Groups.GroupTest" name="grp3" time="0.001"/>
  <testcase classname="Groups.Metagroups" name="metagrp1" time="0.001"/>
  <testcase classname="Groups.Metagroups" name="metagrp2" time="0.002"/>
  <testcase classname="Groups.Metagroups" name="metagrp3" time="0.001"/>
</testsuite> <!-- groupsintogroups -->
