<?xml version="1.0" encoding="UTF-8"?>
<!-- Generated by org.testng.reporters.JUnitXMLReporter -->
<testsuite ignored="3" hostname="MUM-LAP-1462" failures="0" tests="0" time="0.001" errors="0" timestamp="2023-03-06T15:52:26 IST">
  <testcase classname="Groups.GroupTest" name="grp2" time="0.0">
    <ignored/>
  </testcase> <!-- grp2 -->
  <testcase classname="Groups.GroupTest" name="grp3" time="0.0">
    <ignored/>
  </testcase> <!-- grp3 -->
  <testcase classname="Groups.GroupTest" name="grp1" time="0.0">
    <ignored/>
  </testcase> <!-- grp1 -->
</testsuite>
