<?xml version="1.0" encoding="UTF-8"?>
<!-- Generated by org.testng.reporters.JUnitXMLReporter -->
<testsuite ignored="3" hostname="MUM-LAP-1462" failures="0" tests="0" time="0.01" errors="0" timestamp="2023-03-06T15:52:25 IST">
  <testcase classname="PakagesTestng.First" name="method12" time="0.0">
    <ignored/>
  </testcase> <!-- method12 -->
  <testcase classname="PakagesTestng.First" name="method3" time="0.0">
    <ignored/>
  </testcase> <!-- method3 -->
  <testcase classname="PakagesTestng.First" name="method1" time="0.0">
    <ignored/>
  </testcase> <!-- method1 -->
</testsuite>
